10:33:14.829 Logging started --- Sun Nov 17 10:33:14 2019 ---
10:34:13.734 Qsynth1: Creating synthesizer engine...
10:34:13.738 Qsynth1: Creating audio driver (alsa)...
10:34:13.740 Qsynth1: Creating MIDI router (alsa_seq)...
10:34:13.740 Qsynth1: Creating MIDI driver (alsa_seq)...
10:34:13.741 Qsynth1: Creating MIDI player...
10:34:13.741 Qsynth1: fluid_synth_set_reverb_on(1)
10:34:13.741 Qsynth1: fluid_synth_set_chorus_on(1)
10:34:13.742 Qsynth1: Synthesizer engine started.
10:34:13.742 Qsynth1: fluid_synth_set_gain(1)
10:34:13.742 Qsynth1: fluid_synth_set_reverb(0.2,0,1,0.9)
10:34:13.742 Qsynth1: fluid_synth_set_chorus(3,1,0.3,8,0)
ALSA lib pcm_dsnoop.c:638:(snd_pcm_dsnoop_open) unable to open slave
ALSA lib pcm_dmix.c:1108:(snd_pcm_dmix_open) unable to open slave
ALSA lib pcm.c:2564:(snd_pcm_open_noupdate) Unknown PCM cards.pcm.rear
ALSA lib pcm.c:2564:(snd_pcm_open_noupdate) Unknown PCM cards.pcm.center_lfe
ALSA lib pcm.c:2564:(snd_pcm_open_noupdate) Unknown PCM cards.pcm.side
ALSA lib confmisc.c:1281:(snd_func_refer) Unable to find definition 'defaults.bluealsa.device'
ALSA lib conf.c:4568:(_snd_config_evaluate) function snd_func_refer returned error: No such file or directory
ALSA lib conf.c:5036:(snd_config_expand) Args evaluate error: No such file or directory
ALSA lib pcm.c:2564:(snd_pcm_open_noupdate) Unknown PCM bluealsa
ALSA lib confmisc.c:1281:(snd_func_refer) Unable to find definition 'defaults.bluealsa.device'
ALSA lib conf.c:4568:(_snd_config_evaluate) function snd_func_refer returned error: No such file or directory
ALSA lib conf.c:5036:(snd_config_expand) Args evaluate error: No such file or directory
ALSA lib pcm.c:2564:(snd_pcm_open_noupdate) Unknown PCM bluealsa
/dev/shm/jack_db/__db.001: Permission denied
cannot open DB environment: Permission denied
Cannot connect to server socket err = No such file or directory
Cannot connect to server request channel
jack server is not running or cannot be started
JackShmReadWritePtr::~JackShmReadWritePtr - Init not done for -1, skipping unlock
JackShmReadWritePtr::~JackShmReadWritePtr - Init not done for -1, skipping unlock
/dev/shm/jack_db/__db.001: Permission denied
cannot open DB environment: Permission denied
Cannot connect to server socket err = No such file or directory
Cannot connect to server request channel
jack server is not running or cannot be started
JackShmReadWritePtr::~JackShmReadWritePtr - Init not done for -1, skipping unlock
JackShmReadWritePtr::~JackShmReadWritePtr - Init not done for -1, skipping unlock
ALSA lib pcm_oss.c:377:(_snd_pcm_oss_open) Unknown field port
ALSA lib pcm_oss.c:377:(_snd_pcm_oss_open) Unknown field port
ALSA lib pcm_usb_stream.c:486:(_snd_pcm_usb_stream_open) Invalid type for card
ALSA lib pcm_usb_stream.c:486:(_snd_pcm_usb_stream_open) Invalid type for card
ALSA lib pcm_dmix.c:1108:(snd_pcm_dmix_open) unable to open slave
/dev/shm/jack_db/__db.001: Permission denied
cannot open DB environment: Permission denied
Cannot connect to server socket err = No such file or directory
Cannot connect to server request channel
jack server is not running or cannot be started
JackShmReadWritePtr::~JackShmReadWritePtr - Init not done for -1, skipping unlock
JackShmReadWritePtr::~JackShmReadWritePtr - Init not done for -1, skipping unlock
fluidsynth: error: Unknown integer parameter 'synth.dump'
fluidsynth: warning: Requested 2 periods, got 3 instead
fluidsynth: warning: No preset found on channel 0 [bank=0 prog=0]
fluidsynth: warning: No preset found on channel 1 [bank=0 prog=1]
fluidsynth: warning: No preset found on channel 2 [bank=0 prog=2]
fluidsynth: warning: No preset found on channel 3 [bank=0 prog=3]
fluidsynth: warning: No preset found on channel 4 [bank=0 prog=4]
fluidsynth: warning: No preset found on channel 5 [bank=0 prog=5]
fluidsynth: warning: No preset found on channel 6 [bank=0 prog=6]
fluidsynth: warning: No preset found on channel 7 [bank=0 prog=7]
fluidsynth: warning: No preset found on channel 8 [bank=0 prog=8]
fluidsynth: warning: No preset found on channel 9 [bank=128 prog=9]
fluidsynth: warning: No preset found on channel 10 [bank=0 prog=10]
fluidsynth: warning: No preset found on channel 11 [bank=0 prog=11]
fluidsynth: warning: No preset found on channel 12 [bank=0 prog=12]
fluidsynth: warning: No preset found on channel 13 [bank=0 prog=13]
fluidsynth: warning: No preset found on channel 14 [bank=0 prog=14]
fluidsynth: warning: No preset found on channel 15 [bank=0 prog=15]
fluidsynth: warning: No preset found on channel 0 [bank=0 prog=0]
fluidsynth: warning: No preset found on channel 1 [bank=0 prog=1]
fluidsynth: warning: No preset found on channel 2 [bank=0 prog=2]
fluidsynth: warning: No preset found on channel 3 [bank=0 prog=3]
fluidsynth: warning: No preset found on channel 4 [bank=0 prog=4]
fluidsynth: warning: No preset found on channel 5 [bank=0 prog=5]
fluidsynth: warning: No preset found on channel 6 [bank=0 prog=6]
fluidsynth: warning: No preset found on channel 7 [bank=0 prog=7]
fluidsynth: warning: No preset found on channel 8 [bank=0 prog=8]
fluidsynth: warning: No preset found on channel 9 [bank=128 prog=9]
fluidsynth: warning: No preset found on channel 10 [bank=0 prog=10]
fluidsynth: warning: No preset found on channel 11 [bank=0 prog=11]
fluidsynth: warning: No preset found on channel 12 [bank=0 prog=12]
fluidsynth: warning: No preset found on channel 13 [bank=0 prog=13]
fluidsynth: warning: No preset found on channel 14 [bank=0 prog=14]
fluidsynth: warning: No preset found on channel 15 [bank=0 prog=15]
fluidsynth: warning: No preset found on channel 0 [bank=0 prog=0]
fluidsynth: warning: No preset found on channel 1 [bank=0 prog=1]
fluidsynth: warning: No preset found on channel 2 [bank=0 prog=2]
fluidsynth: warning: No preset found on channel 3 [bank=0 prog=3]
fluidsynth: warning: No preset found on channel 4 [bank=0 prog=4]
fluidsynth: warning: No preset found on channel 5 [bank=0 prog=5]
fluidsynth: warning: No preset found on channel 6 [bank=0 prog=6]
fluidsynth: warning: No preset found on channel 7 [bank=0 prog=7]
fluidsynth: warning: No preset found on channel 8 [bank=0 prog=8]
fluidsynth: warning: No preset found on channel 9 [bank=128 prog=9]
fluidsynth: warning: No preset found on channel 10 [bank=0 prog=10]
fluidsynth: warning: No preset found on channel 11 [bank=0 prog=11]
fluidsynth: warning: No preset found on channel 12 [bank=0 prog=12]
fluidsynth: warning: No preset found on channel 13 [bank=0 prog=13]
fluidsynth: warning: No preset found on channel 14 [bank=0 prog=14]
fluidsynth: warning: No preset found on channel 15 [bank=0 prog=15]
fluidsynth: warning: No preset found on channel 0 [bank=0 prog=0]
fluidsynth: warning: No preset found on channel 1 [bank=0 prog=1]
fluidsynth: warning: No preset found on channel 2 [bank=0 prog=2]
fluidsynth: warning: No preset found on channel 3 [bank=0 prog=3]
fluidsynth: warning: No preset found on channel 4 [bank=0 prog=4]
fluidsynth: warning: No preset found on channel 5 [bank=0 prog=5]
fluidsynth: warning: No preset found on channel 6 [bank=0 prog=6]
fluidsynth: warning: No preset found on channel 7 [bank=0 prog=7]
fluidsynth: warning: No preset found on channel 8 [bank=0 prog=8]
fluidsynth: warning: No preset found on channel 9 [bank=128 prog=9]
fluidsynth: warning: No preset found on channel 10 [bank=0 prog=10]
fluidsynth: warning: No preset found on channel 11 [bank=0 prog=11]
fluidsynth: warning: No preset found on channel 12 [bank=0 prog=12]
fluidsynth: warning: No preset found on channel 13 [bank=0 prog=13]
fluidsynth: warning: No preset found on channel 14 [bank=0 prog=14]
fluidsynth: warning: No preset found on channel 15 [bank=0 prog=15]
ALSA lib pcm_dsnoop.c:638:(snd_pcm_dsnoop_open) unable to open slave
ALSA lib pcm_dmix.c:1108:(snd_pcm_dmix_open) unable to open slave
ALSA lib pcm.c:2564:(snd_pcm_open_noupdate) Unknown PCM cards.pcm.rear
ALSA lib pcm.c:2564:(snd_pcm_open_noupdate) Unknown PCM cards.pcm.center_lfe
ALSA lib pcm.c:2564:(snd_pcm_open_noupdate) Unknown PCM cards.pcm.side
ALSA lib confmisc.c:1281:(snd_func_refer) Unable to find definition 'defaults.bluealsa.device'
ALSA lib conf.c:4568:(_snd_config_evaluate) function snd_func_refer returned error: No such file or directory
ALSA lib conf.c:5036:(snd_config_expand) Args evaluate error: No such file or directory
ALSA lib pcm.c:2564:(snd_pcm_open_noupdate) Unknown PCM bluealsa
ALSA lib confmisc.c:1281:(snd_func_refer) Unable to find definition 'defaults.bluealsa.device'
ALSA lib conf.c:4568:(_snd_config_evaluate) function snd_func_refer returned error: No such file or directory
ALSA lib conf.c:5036:(snd_config_expand) Args evaluate error: No such file or directory
ALSA lib pcm.c:2564:(snd_pcm_open_noupdate) Unknown PCM bluealsa
/dev/shm/jack_db/__db.001: Permission denied
cannot open DB environment: Permission denied
Cannot connect to server socket err = No such file or directory
Cannot connect to server request channel
jack server is not running or cannot be started
JackShmReadWritePtr::~JackShmReadWritePtr - Init not done for -1, skipping unlock
JackShmReadWritePtr::~JackShmReadWritePtr - Init not done for -1, skipping unlock
/dev/shm/jack_db/__db.001: Permission denied
cannot open DB environment: Permission denied
Cannot connect to server socket err = No such file or directory
Cannot connect to server request channel
jack server is not running or cannot be started
JackShmReadWritePtr::~JackShmReadWritePtr - Init not done for -1, skipping unlock
JackShmReadWritePtr::~JackShmReadWritePtr - Init not done for -1, skipping unlock
ALSA lib pcm_oss.c:377:(_snd_pcm_oss_open) Unknown field port
ALSA lib pcm_oss.c:377:(_snd_pcm_oss_open) Unknown field port
ALSA lib pcm_usb_stream.c:486:(_snd_pcm_usb_stream_open) Invalid type for card
ALSA lib pcm_usb_stream.c:486:(_snd_pcm_usb_stream_open) Invalid type for card
ALSA lib pcm_dmix.c:1108:(snd_pcm_dmix_open) unable to open slave
/dev/shm/jack_db/__db.001: Permission denied
cannot open DB environment: Permission denied
Cannot connect to server socket err = No such file or directory
Cannot connect to server request channel
jack server is not running or cannot be started
JackShmReadWritePtr::~JackShmReadWritePtr - Init not done for -1, skipping unlock
JackShmReadWritePtr::~JackShmReadWritePtr - Init not done for -1, skipping unlock
fluidsynth: error: Unknown integer parameter 'synth.dump'
10:35:52.382 Qsynth1: Stopping MIDI player...
10:35:52.382 Qsynth1: Waiting for MIDI player to terminate...
10:35:52.382 Qsynth1: Destroying MIDI player...
10:35:52.383 Qsynth1: Destroying MIDI driver...
10:35:52.448 Qsynth1: Destroying MIDI router...
10:35:52.449 Qsynth1: Destroying audio driver...
10:35:52.456 Qsynth1: Destroying synthesizer engine...
10:35:52.456 Qsynth1: Synthesizer engine terminated.
10:35:53.676 Qsynth1: Creating synthesizer engine...
10:35:53.680 Qsynth1: Creating audio driver (alsa)...
10:35:53.682 Qsynth1: Creating MIDI router (alsa_seq)...
10:35:53.682 Qsynth1: Creating MIDI driver (alsa_seq)...
10:35:53.686 Qsynth1: Creating MIDI player...
10:35:53.686 Qsynth1: fluid_synth_set_reverb_on(1)
10:35:53.686 Qsynth1: fluid_synth_set_chorus_on(1)
10:35:53.687 Qsynth1: Synthesizer engine started.
10:35:53.687 Qsynth1: fluid_synth_set_gain(1)
10:35:53.687 Qsynth1: fluid_synth_set_reverb(0.2,0,1,0.9)
10:35:53.687 Qsynth1: fluid_synth_set_chorus(3,1,0.3,8,0)
ALSA lib pcm_dsnoop.c:638:(snd_pcm_dsnoop_open) unable to open slave
ALSA lib pcm_dmix.c:1108:(snd_pcm_dmix_open) unable to open slave
ALSA lib pcm.c:2564:(snd_pcm_open_noupdate) Unknown PCM cards.pcm.rear
ALSA lib pcm.c:2564:(snd_pcm_open_noupdate) Unknown PCM cards.pcm.center_lfe
ALSA lib pcm.c:2564:(snd_pcm_open_noupdate) Unknown PCM cards.pcm.side
ALSA lib confmisc.c:1281:(snd_func_refer) Unable to find definition 'defaults.bluealsa.device'
ALSA lib conf.c:4568:(_snd_config_evaluate) function snd_func_refer returned error: No such file or directory
ALSA lib conf.c:5036:(snd_config_expand) Args evaluate error: No such file or directory
ALSA lib pcm.c:2564:(snd_pcm_open_noupdate) Unknown PCM bluealsa
ALSA lib confmisc.c:1281:(snd_func_refer) Unable to find definition 'defaults.bluealsa.device'
ALSA lib conf.c:4568:(_snd_config_evaluate) function snd_func_refer returned error: No such file or directory
ALSA lib conf.c:5036:(snd_config_expand) Args evaluate error: No such file or directory
ALSA lib pcm.c:2564:(snd_pcm_open_noupdate) Unknown PCM bluealsa
/dev/shm/jack_db/__db.001: Permission denied
cannot open DB environment: Permission denied
Cannot connect to server socket err = No such file or directory
Cannot connect to server request channel
jack server is not running or cannot be started
JackShmReadWritePtr::~JackShmReadWritePtr - Init not done for -1, skipping unlock
JackShmReadWritePtr::~JackShmReadWritePtr - Init not done for -1, skipping unlock
/dev/shm/jack_db/__db.001: Permission denied
cannot open DB environment: Permission denied
Cannot connect to server socket err = No such file or directory
Cannot connect to server request channel
jack server is not running or cannot be started
JackShmReadWritePtr::~JackShmReadWritePtr - Init not done for -1, skipping unlock
JackShmReadWritePtr::~JackShmReadWritePtr - Init not done for -1, skipping unlock
ALSA lib pcm_oss.c:377:(_snd_pcm_oss_open) Unknown field port
ALSA lib pcm_oss.c:377:(_snd_pcm_oss_open) Unknown field port
ALSA lib pcm_usb_stream.c:486:(_snd_pcm_usb_stream_open) Invalid type for card
ALSA lib pcm_usb_stream.c:486:(_snd_pcm_usb_stream_open) Invalid type for card
ALSA lib pcm_dmix.c:1108:(snd_pcm_dmix_open) unable to open slave
/dev/shm/jack_db/__db.001: Permission denied
cannot open DB environment: Permission denied
Cannot connect to server socket err = No such file or directory
Cannot connect to server request channel
jack server is not running or cannot be started
JackShmReadWritePtr::~JackShmReadWritePtr - Init not done for -1, skipping unlock
JackShmReadWritePtr::~JackShmReadWritePtr - Init not done for -1, skipping unlock
fluidsynth: error: Unknown integer parameter 'synth.dump'
fluidsynth: warning: Requested 2 periods, got 3 instead
fluidsynth: warning: No preset found on channel 0 [bank=0 prog=0]
fluidsynth: warning: No preset found on channel 1 [bank=0 prog=1]
fluidsynth: warning: No preset found on channel 2 [bank=0 prog=2]
fluidsynth: warning: No preset found on channel 3 [bank=0 prog=3]
fluidsynth: warning: No preset found on channel 4 [bank=0 prog=4]
fluidsynth: warning: No preset found on channel 5 [bank=0 prog=5]
fluidsynth: warning: No preset found on channel 6 [bank=0 prog=6]
fluidsynth: warning: No preset found on channel 7 [bank=0 prog=7]
fluidsynth: warning: No preset found on channel 8 [bank=0 prog=8]
fluidsynth: warning: No preset found on channel 9 [bank=128 prog=9]
fluidsynth: warning: No preset found on channel 10 [bank=0 prog=10]
fluidsynth: warning: No preset found on channel 11 [bank=0 prog=11]
fluidsynth: warning: No preset found on channel 12 [bank=0 prog=12]
fluidsynth: warning: No preset found on channel 13 [bank=0 prog=13]
fluidsynth: warning: No preset found on channel 14 [bank=0 prog=14]
fluidsynth: warning: No preset found on channel 15 [bank=0 prog=15]
fluidsynth: warning: No preset found on channel 0 [bank=0 prog=0]
fluidsynth: warning: No preset found on channel 1 [bank=0 prog=1]
fluidsynth: warning: No preset found on channel 2 [bank=0 prog=2]
fluidsynth: warning: No preset found on channel 3 [bank=0 prog=3]
fluidsynth: warning: No preset found on channel 4 [bank=0 prog=4]
fluidsynth: warning: No preset found on channel 5 [bank=0 prog=5]
fluidsynth: warning: No preset found on channel 6 [bank=0 prog=6]
fluidsynth: warning: No preset found on channel 7 [bank=0 prog=7]
fluidsynth: warning: No preset found on channel 8 [bank=0 prog=8]
fluidsynth: warning: No preset found on channel 9 [bank=128 prog=9]
fluidsynth: warning: No preset found on channel 10 [bank=0 prog=10]
fluidsynth: warning: No preset found on channel 11 [bank=0 prog=11]
fluidsynth: warning: No preset found on channel 12 [bank=0 prog=12]
fluidsynth: warning: No preset found on channel 13 [bank=0 prog=13]
fluidsynth: warning: No preset found on channel 14 [bank=0 prog=14]
fluidsynth: warning: No preset found on channel 15 [bank=0 prog=15]
fluidsynth: warning: No preset found on channel 0 [bank=0 prog=0]
fluidsynth: warning: No preset found on channel 1 [bank=0 prog=1]
fluidsynth: warning: No preset found on channel 2 [bank=0 prog=2]
fluidsynth: warning: No preset found on channel 3 [bank=0 prog=3]
fluidsynth: warning: No preset found on channel 4 [bank=0 prog=4]
fluidsynth: warning: No preset found on channel 5 [bank=0 prog=5]
fluidsynth: warning: No preset found on channel 6 [bank=0 prog=6]
fluidsynth: warning: No preset found on channel 7 [bank=0 prog=7]
fluidsynth: warning: No preset found on channel 8 [bank=0 prog=8]
fluidsynth: warning: No preset found on channel 9 [bank=128 prog=9]
fluidsynth: warning: No preset found on channel 10 [bank=0 prog=10]
fluidsynth: warning: No preset found on channel 11 [bank=0 prog=11]
fluidsynth: warning: No preset found on channel 12 [bank=0 prog=12]
fluidsynth: warning: No preset found on channel 13 [bank=0 prog=13]
fluidsynth: warning: No preset found on channel 14 [bank=0 prog=14]
fluidsynth: warning: No preset found on channel 15 [bank=0 prog=15]
fluidsynth: warning: No preset found on channel 0 [bank=0 prog=0]
fluidsynth: warning: No preset found on channel 1 [bank=0 prog=1]
fluidsynth: warning: No preset found on channel 2 [bank=0 prog=2]
fluidsynth: warning: No preset found on channel 3 [bank=0 prog=3]
fluidsynth: warning: No preset found on channel 4 [bank=0 prog=4]
fluidsynth: warning: No preset found on channel 5 [bank=0 prog=5]
fluidsynth: warning: No preset found on channel 6 [bank=0 prog=6]
fluidsynth: warning: No preset found on channel 7 [bank=0 prog=7]
fluidsynth: warning: No preset found on channel 8 [bank=0 prog=8]
fluidsynth: warning: No preset found on channel 9 [bank=128 prog=9]
fluidsynth: warning: No preset found on channel 10 [bank=0 prog=10]
fluidsynth: warning: No preset found on channel 11 [bank=0 prog=11]
fluidsynth: warning: No preset found on channel 12 [bank=0 prog=12]
fluidsynth: warning: No preset found on channel 13 [bank=0 prog=13]
fluidsynth: warning: No preset found on channel 14 [bank=0 prog=14]
fluidsynth: warning: No preset found on channel 15 [bank=0 prog=15]
10:36:36.023 Qsynth1: Stopping MIDI player...
10:36:36.023 Qsynth1: Waiting for MIDI player to terminate...
10:36:36.024 Qsynth1: Destroying MIDI player...
10:36:36.024 Qsynth1: Destroying MIDI driver...
10:36:36.089 Qsynth1: Destroying MIDI router...
10:36:36.089 Qsynth1: Destroying audio driver...
10:36:36.093 Qsynth1: Destroying synthesizer engine...
10:36:36.093 Qsynth1: Synthesizer engine terminated.
10:36:37.311 Qsynth1: Creating synthesizer engine...
10:36:37.314 Qsynth1: Creating audio driver (alsa)...
10:36:37.315 Qsynth1: Failed to create the audio driver (alsa). Cannot continue without it.
10:36:37.317 Qsynth1: Destroying synthesizer engine...
10:36:37.317 Qsynth1: Synthesizer engine terminated.
ALSA lib pcm_dsnoop.c:638:(snd_pcm_dsnoop_open) unable to open slave
ALSA lib pcm_dmix.c:1108:(snd_pcm_dmix_open) unable to open slave
ALSA lib pcm.c:2564:(snd_pcm_open_noupdate) Unknown PCM cards.pcm.rear
ALSA lib pcm.c:2564:(snd_pcm_open_noupdate) Unknown PCM cards.pcm.center_lfe
ALSA lib pcm.c:2564:(snd_pcm_open_noupdate) Unknown PCM cards.pcm.side
ALSA lib confmisc.c:1281:(snd_func_refer) Unable to find definition 'defaults.bluealsa.device'
ALSA lib conf.c:4568:(_snd_config_evaluate) function snd_func_refer returned error: No such file or directory
ALSA lib conf.c:5036:(snd_config_expand) Args evaluate error: No such file or directory
ALSA lib pcm.c:2564:(snd_pcm_open_noupdate) Unknown PCM bluealsa
ALSA lib confmisc.c:1281:(snd_func_refer) Unable to find definition 'defaults.bluealsa.device'
ALSA lib conf.c:4568:(_snd_config_evaluate) function snd_func_refer returned error: No such file or directory
ALSA lib conf.c:5036:(snd_config_expand) Args evaluate error: No such file or directory
ALSA lib pcm.c:2564:(snd_pcm_open_noupdate) Unknown PCM bluealsa
/dev/shm/jack_db/__db.001: Permission denied
cannot open DB environment: Permission denied
Cannot connect to server socket err = No such file or directory
Cannot connect to server request channel
jack server is not running or cannot be started
JackShmReadWritePtr::~JackShmReadWritePtr - Init not done for -1, skipping unlock
JackShmReadWritePtr::~JackShmReadWritePtr - Init not done for -1, skipping unlock
/dev/shm/jack_db/__db.001: Permission denied
cannot open DB environment: Permission denied
Cannot connect to server socket err = No such file or directory
Cannot connect to server request channel
jack server is not running or cannot be started
JackShmReadWritePtr::~JackShmReadWritePtr - Init not done for -1, skipping unlock
JackShmReadWritePtr::~JackShmReadWritePtr - Init not done for -1, skipping unlock
ALSA lib pcm_oss.c:377:(_snd_pcm_oss_open) Unknown field port
ALSA lib pcm_oss.c:377:(_snd_pcm_oss_open) Unknown field port
ALSA lib pcm_usb_stream.c:486:(_snd_pcm_usb_stream_open) Invalid type for card
ALSA lib pcm_usb_stream.c:486:(_snd_pcm_usb_stream_open) Invalid type for card
ALSA lib pcm_dmix.c:1108:(snd_pcm_dmix_open) unable to open slave
/dev/shm/jack_db/__db.001: Permission denied
cannot open DB environment: Permission denied
Cannot connect to server socket err = No such file or directory
Cannot connect to server request channel
jack server is not running or cannot be started
JackShmReadWritePtr::~JackShmReadWritePtr - Init not done for -1, skipping unlock
JackShmReadWritePtr::~JackShmReadWritePtr - Init not done for -1, skipping unlock
fluidsynth: error: Unknown integer parameter 'synth.dump'
ALSA lib pcm.c:2564:(snd_pcm_open_noupdate) Unknown PCM qsynth
fluidsynth: error: Failed to open the "qsynth" audio device
10:37:12.157 Qsynth1: Creating synthesizer engine...
10:37:12.161 Qsynth1: Creating audio driver (alsa)...
10:37:12.161 Qsynth1: Failed to create the audio driver (alsa). Cannot continue without it.
10:37:12.164 Qsynth1: Destroying synthesizer engine...
10:37:12.165 Qsynth1: Synthesizer engine terminated.
ALSA lib pcm_dsnoop.c:638:(snd_pcm_dsnoop_open) unable to open slave
ALSA lib pcm_dmix.c:1108:(snd_pcm_dmix_open) unable to open slave
ALSA lib pcm.c:2564:(snd_pcm_open_noupdate) Unknown PCM cards.pcm.rear
ALSA lib pcm.c:2564:(snd_pcm_open_noupdate) Unknown PCM cards.pcm.center_lfe
ALSA lib pcm.c:2564:(snd_pcm_open_noupdate) Unknown PCM cards.pcm.side
ALSA lib confmisc.c:1281:(snd_func_refer) Unable to find definition 'defaults.bluealsa.device'
ALSA lib conf.c:4568:(_snd_config_evaluate) function snd_func_refer returned error: No such file or directory
ALSA lib conf.c:5036:(snd_config_expand) Args evaluate error: No such file or directory
ALSA lib pcm.c:2564:(snd_pcm_open_noupdate) Unknown PCM bluealsa
ALSA lib confmisc.c:1281:(snd_func_refer) Unable to find definition 'defaults.bluealsa.device'
ALSA lib conf.c:4568:(_snd_config_evaluate) function snd_func_refer returned error: No such file or directory
ALSA lib conf.c:5036:(snd_config_expand) Args evaluate error: No such file or directory
ALSA lib pcm.c:2564:(snd_pcm_open_noupdate) Unknown PCM bluealsa
/dev/shm/jack_db/__db.001: Permission denied
cannot open DB environment: Permission denied
Cannot connect to server socket err = No such file or directory
Cannot connect to server request channel
jack server is not running or cannot be started
JackShmReadWritePtr::~JackShmReadWritePtr - Init not done for -1, skipping unlock
JackShmReadWritePtr::~JackShmReadWritePtr - Init not done for -1, skipping unlock
/dev/shm/jack_db/__db.001: Permission denied
cannot open DB environment: Permission denied
Cannot connect to server socket err = No such file or directory
Cannot connect to server request channel
jack server is not running or cannot be started
JackShmReadWritePtr::~JackShmReadWritePtr - Init not done for -1, skipping unlock
JackShmReadWritePtr::~JackShmReadWritePtr - Init not done for -1, skipping unlock
ALSA lib pcm_oss.c:377:(_snd_pcm_oss_open) Unknown field port
ALSA lib pcm_oss.c:377:(_snd_pcm_oss_open) Unknown field port
ALSA lib pcm_usb_stream.c:486:(_snd_pcm_usb_stream_open) Invalid type for card
ALSA lib pcm_usb_stream.c:486:(_snd_pcm_usb_stream_open) Invalid type for card
ALSA lib pcm_dmix.c:1108:(snd_pcm_dmix_open) unable to open slave
/dev/shm/jack_db/__db.001: Permission denied
cannot open DB environment: Permission denied
Cannot connect to server socket err = No such file or directory
Cannot connect to server request channel
jack server is not running or cannot be started
JackShmReadWritePtr::~JackShmReadWritePtr - Init not done for -1, skipping unlock
JackShmReadWritePtr::~JackShmReadWritePtr - Init not done for -1, skipping unlock
fluidsynth: error: Unknown integer parameter 'synth.dump'
fluidsynth: error: Failed to open the "hw:0,0" audio device
10:38:11.058 Qsynth1: Creating synthesizer engine...
10:38:11.061 Qsynth1: Creating audio driver (alsa)...
10:38:11.071 Qsynth1: Creating MIDI router (alsa_seq)...
10:38:11.071 Qsynth1: Creating MIDI driver (alsa_seq)...
10:38:11.071 Qsynth1: Creating MIDI player...
10:38:11.071 Qsynth1: fluid_synth_set_reverb_on(1)
10:38:11.071 Qsynth1: fluid_synth_set_chorus_on(1)
10:38:11.072 Qsynth1: Synthesizer engine started.
10:38:11.072 Qsynth1: fluid_synth_set_gain(1)
10:38:11.072 Qsynth1: fluid_synth_set_reverb(0.2,0,1,0.9)
10:38:11.072 Qsynth1: fluid_synth_set_chorus(3,1,0.3,8,0)
ALSA lib pcm_dsnoop.c:638:(snd_pcm_dsnoop_open) unable to open slave
ALSA lib pcm_dmix.c:1108:(snd_pcm_dmix_open) unable to open slave
ALSA lib pcm.c:2564:(snd_pcm_open_noupdate) Unknown PCM cards.pcm.rear
ALSA lib pcm.c:2564:(snd_pcm_open_noupdate) Unknown PCM cards.pcm.center_lfe
ALSA lib pcm.c:2564:(snd_pcm_open_noupdate) Unknown PCM cards.pcm.side
ALSA lib confmisc.c:1281:(snd_func_refer) Unable to find definition 'defaults.bluealsa.device'
ALSA lib conf.c:4568:(_snd_config_evaluate) function snd_func_refer returned error: No such file or directory
ALSA lib conf.c:5036:(snd_config_expand) Args evaluate error: No such file or directory
ALSA lib pcm.c:2564:(snd_pcm_open_noupdate) Unknown PCM bluealsa
ALSA lib confmisc.c:1281:(snd_func_refer) Unable to find definition 'defaults.bluealsa.device'
ALSA lib conf.c:4568:(_snd_config_evaluate) function snd_func_refer returned error: No such file or directory
ALSA lib conf.c:5036:(snd_config_expand) Args evaluate error: No such file or directory
ALSA lib pcm.c:2564:(snd_pcm_open_noupdate) Unknown PCM bluealsa
/dev/shm/jack_db/__db.001: Permission denied
cannot open DB environment: Permission denied
Cannot connect to server socket err = No such file or directory
Cannot connect to server request channel
jack server is not running or cannot be started
JackShmReadWritePtr::~JackShmReadWritePtr - Init not done for -1, skipping unlock
JackShmReadWritePtr::~JackShmReadWritePtr - Init not done for -1, skipping unlock
/dev/shm/jack_db/__db.001: Permission denied
cannot open DB environment: Permission denied
Cannot connect to server socket err = No such file or directory
Cannot connect to server request channel
jack server is not running or cannot be started
JackShmReadWritePtr::~JackShmReadWritePtr - Init not done for -1, skipping unlock
JackShmReadWritePtr::~JackShmReadWritePtr - Init not done for -1, skipping unlock
ALSA lib pcm_oss.c:377:(_snd_pcm_oss_open) Unknown field port
ALSA lib pcm_oss.c:377:(_snd_pcm_oss_open) Unknown field port
ALSA lib pcm_usb_stream.c:486:(_snd_pcm_usb_stream_open) Invalid type for card
ALSA lib pcm_usb_stream.c:486:(_snd_pcm_usb_stream_open) Invalid type for card
ALSA lib pcm_dmix.c:1108:(snd_pcm_dmix_open) unable to open slave
/dev/shm/jack_db/__db.001: Permission denied
cannot open DB environment: Permission denied
Cannot connect to server socket err = No such file or directory
Cannot connect to server request channel
jack server is not running or cannot be started
JackShmReadWritePtr::~JackShmReadWritePtr - Init not done for -1, skipping unlock
JackShmReadWritePtr::~JackShmReadWritePtr - Init not done for -1, skipping unlock
fluidsynth: error: Unknown integer parameter 'synth.dump'
fluidsynth: warning: No preset found on channel 0 [bank=0 prog=0]
fluidsynth: warning: No preset found on channel 1 [bank=0 prog=1]
fluidsynth: warning: No preset found on channel 2 [bank=0 prog=2]
fluidsynth: warning: No preset found on channel 3 [bank=0 prog=3]
fluidsynth: warning: No preset found on channel 4 [bank=0 prog=4]
fluidsynth: warning: No preset found on channel 5 [bank=0 prog=5]
fluidsynth: warning: No preset found on channel 6 [bank=0 prog=6]
fluidsynth: warning: No preset found on channel 7 [bank=0 prog=7]
fluidsynth: warning: No preset found on channel 8 [bank=0 prog=8]
fluidsynth: warning: No preset found on channel 9 [bank=128 prog=9]
fluidsynth: warning: No preset found on channel 10 [bank=0 prog=10]
fluidsynth: warning: No preset found on channel 11 [bank=0 prog=11]
fluidsynth: warning: No preset found on channel 12 [bank=0 prog=12]
fluidsynth: warning: No preset found on channel 13 [bank=0 prog=13]
fluidsynth: warning: No preset found on channel 14 [bank=0 prog=14]
fluidsynth: warning: No preset found on channel 15 [bank=0 prog=15]
fluidsynth: warning: No preset found on channel 0 [bank=0 prog=0]
fluidsynth: warning: No preset found on channel 1 [bank=0 prog=1]
fluidsynth: warning: No preset found on channel 2 [bank=0 prog=2]
fluidsynth: warning: No preset found on channel 3 [bank=0 prog=3]
fluidsynth: warning: No preset found on channel 4 [bank=0 prog=4]
fluidsynth: warning: No preset found on channel 5 [bank=0 prog=5]
fluidsynth: warning: No preset found on channel 6 [bank=0 prog=6]
fluidsynth: warning: No preset found on channel 7 [bank=0 prog=7]
fluidsynth: warning: No preset found on channel 8 [bank=0 prog=8]
fluidsynth: warning: No preset found on channel 9 [bank=128 prog=9]
fluidsynth: warning: No preset found on channel 10 [bank=0 prog=10]
fluidsynth: warning: No preset found on channel 11 [bank=0 prog=11]
fluidsynth: warning: No preset found on channel 12 [bank=0 prog=12]
fluidsynth: warning: No preset found on channel 13 [bank=0 prog=13]
fluidsynth: warning: No preset found on channel 14 [bank=0 prog=14]
fluidsynth: warning: No preset found on channel 15 [bank=0 prog=15]
fluidsynth: warning: No preset found on channel 0 [bank=0 prog=0]
fluidsynth: warning: No preset found on channel 1 [bank=0 prog=1]
fluidsynth: warning: No preset found on channel 2 [bank=0 prog=2]
fluidsynth: warning: No preset found on channel 3 [bank=0 prog=3]
fluidsynth: warning: No preset found on channel 4 [bank=0 prog=4]
fluidsynth: warning: No preset found on channel 5 [bank=0 prog=5]
fluidsynth: warning: No preset found on channel 6 [bank=0 prog=6]
fluidsynth: warning: No preset found on channel 7 [bank=0 prog=7]
fluidsynth: warning: No preset found on channel 8 [bank=0 prog=8]
fluidsynth: warning: No preset found on channel 9 [bank=128 prog=9]
fluidsynth: warning: No preset found on channel 10 [bank=0 prog=10]
fluidsynth: warning: No preset found on channel 11 [bank=0 prog=11]
fluidsynth: warning: No preset found on channel 12 [bank=0 prog=12]
fluidsynth: warning: No preset found on channel 13 [bank=0 prog=13]
fluidsynth: warning: No preset found on channel 14 [bank=0 prog=14]
fluidsynth: warning: No preset found on channel 15 [bank=0 prog=15]
fluidsynth: warning: No preset found on channel 0 [bank=0 prog=0]
fluidsynth: warning: No preset found on channel 1 [bank=0 prog=1]
fluidsynth: warning: No preset found on channel 2 [bank=0 prog=2]
fluidsynth: warning: No preset found on channel 3 [bank=0 prog=3]
fluidsynth: warning: No preset found on channel 4 [bank=0 prog=4]
fluidsynth: warning: No preset found on channel 5 [bank=0 prog=5]
fluidsynth: warning: No preset found on channel 6 [bank=0 prog=6]
fluidsynth: warning: No preset found on channel 7 [bank=0 prog=7]
fluidsynth: warning: No preset found on channel 8 [bank=0 prog=8]
fluidsynth: warning: No preset found on channel 9 [bank=128 prog=9]
fluidsynth: warning: No preset found on channel 10 [bank=0 prog=10]
fluidsynth: warning: No preset found on channel 11 [bank=0 prog=11]
fluidsynth: warning: No preset found on channel 12 [bank=0 prog=12]
fluidsynth: warning: No preset found on channel 13 [bank=0 prog=13]
fluidsynth: warning: No preset found on channel 14 [bank=0 prog=14]
fluidsynth: warning: No preset found on channel 15 [bank=0 prog=15]
10:38:14.828 Qsynth1: Stopping MIDI player...
10:38:14.828 Qsynth1: Waiting for MIDI player to terminate...
10:38:14.828 Qsynth1: Destroying MIDI player...
10:38:14.828 Qsynth1: Destroying MIDI driver...
10:38:14.872 Qsynth1: Destroying MIDI router...
10:38:14.873 Qsynth1: Destroying audio driver...
10:38:14.874 Qsynth1: Destroying synthesizer engine...
10:38:14.875 Qsynth1: Synthesizer engine terminated.
10:38:16.091 Qsynth1: Creating synthesizer engine...
10:38:16.094 Qsynth1: Creating audio driver (alsa)...
10:38:16.096 Qsynth1: Creating MIDI router (alsa_seq)...
10:38:16.096 Qsynth1: Creating MIDI driver (alsa_seq)...
10:38:16.096 Qsynth1: Creating MIDI player...
10:38:16.096 Qsynth1: fluid_synth_set_reverb_on(1)
10:38:16.096 Qsynth1: fluid_synth_set_chorus_on(1)
10:38:16.097 Qsynth1: Synthesizer engine started.
10:38:16.097 Qsynth1: fluid_synth_set_gain(1)
10:38:16.097 Qsynth1: fluid_synth_set_reverb(0.2,0,1,0.9)
10:38:16.098 Qsynth1: fluid_synth_set_chorus(3,1,0.3,8,0)
ALSA lib pcm_dsnoop.c:638:(snd_pcm_dsnoop_open) unable to open slave
ALSA lib pcm_dmix.c:1108:(snd_pcm_dmix_open) unable to open slave
ALSA lib pcm.c:2564:(snd_pcm_open_noupdate) Unknown PCM cards.pcm.rear
ALSA lib pcm.c:2564:(snd_pcm_open_noupdate) Unknown PCM cards.pcm.center_lfe
ALSA lib pcm.c:2564:(snd_pcm_open_noupdate) Unknown PCM cards.pcm.side
ALSA lib confmisc.c:1281:(snd_func_refer) Unable to find definition 'defaults.bluealsa.device'
ALSA lib conf.c:4568:(_snd_config_evaluate) function snd_func_refer returned error: No such file or directory
ALSA lib conf.c:5036:(snd_config_expand) Args evaluate error: No such file or directory
ALSA lib pcm.c:2564:(snd_pcm_open_noupdate) Unknown PCM bluealsa
ALSA lib confmisc.c:1281:(snd_func_refer) Unable to find definition 'defaults.bluealsa.device'
ALSA lib conf.c:4568:(_snd_config_evaluate) function snd_func_refer returned error: No such file or directory
ALSA lib conf.c:5036:(snd_config_expand) Args evaluate error: No such file or directory
ALSA lib pcm.c:2564:(snd_pcm_open_noupdate) Unknown PCM bluealsa
/dev/shm/jack_db/__db.001: Permission denied
cannot open DB environment: Permission denied
Cannot connect to server socket err = No such file or directory
Cannot connect to server request channel
jack server is not running or cannot be started
JackShmReadWritePtr::~JackShmReadWritePtr - Init not done for -1, skipping unlock
JackShmReadWritePtr::~JackShmReadWritePtr - Init not done for -1, skipping unlock
/dev/shm/jack_db/__db.001: Permission denied
cannot open DB environment: Permission denied
Cannot connect to server socket err = No such file or directory
Cannot connect to server request channel
jack server is not running or cannot be started
JackShmReadWritePtr::~JackShmReadWritePtr - Init not done for -1, skipping unlock
JackShmReadWritePtr::~JackShmReadWritePtr - Init not done for -1, skipping unlock
ALSA lib pcm_oss.c:377:(_snd_pcm_oss_open) Unknown field port
ALSA lib pcm_oss.c:377:(_snd_pcm_oss_open) Unknown field port
ALSA lib pcm_usb_stream.c:486:(_snd_pcm_usb_stream_open) Invalid type for card
ALSA lib pcm_usb_stream.c:486:(_snd_pcm_usb_stream_open) Invalid type for card
ALSA lib pcm_dmix.c:1108:(snd_pcm_dmix_open) unable to open slave
/dev/shm/jack_db/__db.001: Permission denied
cannot open DB environment: Permission denied
Cannot connect to server socket err = No such file or directory
Cannot connect to server request channel
jack server is not running or cannot be started
JackShmReadWritePtr::~JackShmReadWritePtr - Init not done for -1, skipping unlock
JackShmReadWritePtr::~JackShmReadWritePtr - Init not done for -1, skipping unlock
fluidsynth: error: Unknown integer parameter 'synth.dump'
fluidsynth: warning: No preset found on channel 0 [bank=0 prog=0]
fluidsynth: warning: No preset found on channel 1 [bank=0 prog=1]
fluidsynth: warning: No preset found on channel 2 [bank=0 prog=2]
fluidsynth: warning: No preset found on channel 3 [bank=0 prog=3]
fluidsynth: warning: No preset found on channel 4 [bank=0 prog=4]
fluidsynth: warning: No preset found on channel 5 [bank=0 prog=5]
fluidsynth: warning: No preset found on channel 6 [bank=0 prog=6]
fluidsynth: warning: No preset found on channel 7 [bank=0 prog=7]
fluidsynth: warning: No preset found on channel 8 [bank=0 prog=8]
fluidsynth: warning: No preset found on channel 9 [bank=128 prog=9]
fluidsynth: warning: No preset found on channel 10 [bank=0 prog=10]
fluidsynth: warning: No preset found on channel 11 [bank=0 prog=11]
fluidsynth: warning: No preset found on channel 12 [bank=0 prog=12]
fluidsynth: warning: No preset found on channel 13 [bank=0 prog=13]
fluidsynth: warning: No preset found on channel 14 [bank=0 prog=14]
fluidsynth: warning: No preset found on channel 15 [bank=0 prog=15]
fluidsynth: warning: No preset found on channel 0 [bank=0 prog=0]
fluidsynth: warning: No preset found on channel 1 [bank=0 prog=1]
fluidsynth: warning: No preset found on channel 2 [bank=0 prog=2]
fluidsynth: warning: No preset found on channel 3 [bank=0 prog=3]
fluidsynth: warning: No preset found on channel 4 [bank=0 prog=4]
fluidsynth: warning: No preset found on channel 5 [bank=0 prog=5]
fluidsynth: warning: No preset found on channel 6 [bank=0 prog=6]
fluidsynth: warning: No preset found on channel 7 [bank=0 prog=7]
fluidsynth: warning: No preset found on channel 8 [bank=0 prog=8]
fluidsynth: warning: No preset found on channel 9 [bank=128 prog=9]
fluidsynth: warning: No preset found on channel 10 [bank=0 prog=10]
fluidsynth: warning: No preset found on channel 11 [bank=0 prog=11]
fluidsynth: warning: No preset found on channel 12 [bank=0 prog=12]
fluidsynth: warning: No preset found on channel 13 [bank=0 prog=13]
fluidsynth: warning: No preset found on channel 14 [bank=0 prog=14]
fluidsynth: warning: No preset found on channel 15 [bank=0 prog=15]
fluidsynth: warning: No preset found on channel 0 [bank=0 prog=0]
fluidsynth: warning: No preset found on channel 1 [bank=0 prog=1]
fluidsynth: warning: No preset found on channel 2 [bank=0 prog=2]
fluidsynth: warning: No preset found on channel 3 [bank=0 prog=3]
fluidsynth: warning: No preset found on channel 4 [bank=0 prog=4]
fluidsynth: warning: No preset found on channel 5 [bank=0 prog=5]
fluidsynth: warning: No preset found on channel 6 [bank=0 prog=6]
fluidsynth: warning: No preset found on channel 7 [bank=0 prog=7]
fluidsynth: warning: No preset found on channel 8 [bank=0 prog=8]
fluidsynth: warning: No preset found on channel 9 [bank=128 prog=9]
fluidsynth: warning: No preset found on channel 10 [bank=0 prog=10]
fluidsynth: warning: No preset found on channel 11 [bank=0 prog=11]
fluidsynth: warning: No preset found on channel 12 [bank=0 prog=12]
fluidsynth: warning: No preset found on channel 13 [bank=0 prog=13]
fluidsynth: warning: No preset found on channel 14 [bank=0 prog=14]
fluidsynth: warning: No preset found on channel 15 [bank=0 prog=15]
fluidsynth: warning: No preset found on channel 0 [bank=0 prog=0]
fluidsynth: warning: No preset found on channel 1 [bank=0 prog=1]
fluidsynth: warning: No preset found on channel 2 [bank=0 prog=2]
fluidsynth: warning: No preset found on channel 3 [bank=0 prog=3]
fluidsynth: warning: No preset found on channel 4 [bank=0 prog=4]
fluidsynth: warning: No preset found on channel 5 [bank=0 prog=5]
fluidsynth: warning: No preset found on channel 6 [bank=0 prog=6]
fluidsynth: warning: No preset found on channel 7 [bank=0 prog=7]
fluidsynth: warning: No preset found on channel 8 [bank=0 prog=8]
fluidsynth: warning: No preset found on channel 9 [bank=128 prog=9]
fluidsynth: warning: No preset found on channel 10 [bank=0 prog=10]
fluidsynth: warning: No preset found on channel 11 [bank=0 prog=11]
fluidsynth: warning: No preset found on channel 12 [bank=0 prog=12]
fluidsynth: warning: No preset found on channel 13 [bank=0 prog=13]
fluidsynth: warning: No preset found on channel 14 [bank=0 prog=14]
fluidsynth: warning: No preset found on channel 15 [bank=0 prog=15]
10:43:27.432 Qsynth1: Stopping MIDI player...
10:43:27.433 Qsynth1: Waiting for MIDI player to terminate...
10:43:27.433 Qsynth1: Destroying MIDI player...
10:43:27.433 Qsynth1: Destroying MIDI driver...
10:43:27.522 Qsynth1: Destroying MIDI router...
10:43:27.523 Qsynth1: Destroying audio driver...
10:43:27.524 Qsynth1: Destroying synthesizer engine...
10:43:27.524 Qsynth1: Synthesizer engine terminated.
10:43:28.735 Qsynth1: Creating synthesizer engine...
10:43:28.738 Qsynth1: Creating audio driver (alsa)...
10:43:28.739 Qsynth1: Creating MIDI router (alsa_seq)...
10:43:28.739 Qsynth1: Creating MIDI driver (alsa_seq)...
10:43:28.739 Qsynth1: Creating MIDI player...
10:43:28.739 Qsynth1: fluid_synth_set_reverb_on(1)
10:43:28.740 Qsynth1: fluid_synth_set_chorus_on(1)
10:43:28.740 Qsynth1: Synthesizer engine started.
10:43:28.740 Qsynth1: fluid_synth_set_gain(1)
10:43:28.740 Qsynth1: fluid_synth_set_reverb(0.2,0,1,0.9)
10:43:28.741 Qsynth1: fluid_synth_set_chorus(3,1,0.3,8,0)
ALSA lib pcm_dsnoop.c:638:(snd_pcm_dsnoop_open) unable to open slave
ALSA lib pcm_dmix.c:1108:(snd_pcm_dmix_open) unable to open slave
ALSA lib pcm.c:2564:(snd_pcm_open_noupdate) Unknown PCM cards.pcm.rear
ALSA lib pcm.c:2564:(snd_pcm_open_noupdate) Unknown PCM cards.pcm.center_lfe
ALSA lib pcm.c:2564:(snd_pcm_open_noupdate) Unknown PCM cards.pcm.side
ALSA lib confmisc.c:1281:(snd_func_refer) Unable to find definition 'defaults.bluealsa.device'
ALSA lib conf.c:4568:(_snd_config_evaluate) function snd_func_refer returned error: No such file or directory
ALSA lib conf.c:5036:(snd_config_expand) Args evaluate error: No such file or directory
ALSA lib pcm.c:2564:(snd_pcm_open_noupdate) Unknown PCM bluealsa
ALSA lib confmisc.c:1281:(snd_func_refer) Unable to find definition 'defaults.bluealsa.device'
ALSA lib conf.c:4568:(_snd_config_evaluate) function snd_func_refer returned error: No such file or directory
ALSA lib conf.c:5036:(snd_config_expand) Args evaluate error: No such file or directory
ALSA lib pcm.c:2564:(snd_pcm_open_noupdate) Unknown PCM bluealsa
/dev/shm/jack_db/__db.001: Permission denied
cannot open DB environment: Permission denied
Cannot connect to server socket err = No such file or directory
Cannot connect to server request channel
jack server is not running or cannot be started
JackShmReadWritePtr::~JackShmReadWritePtr - Init not done for -1, skipping unlock
JackShmReadWritePtr::~JackShmReadWritePtr - Init not done for -1, skipping unlock
/dev/shm/jack_db/__db.001: Permission denied
cannot open DB environment: Permission denied
Cannot connect to server socket err = No such file or directory
Cannot connect to server request channel
jack server is not running or cannot be started
JackShmReadWritePtr::~JackShmReadWritePtr - Init not done for -1, skipping unlock
JackShmReadWritePtr::~JackShmReadWritePtr - Init not done for -1, skipping unlock
ALSA lib pcm_oss.c:377:(_snd_pcm_oss_open) Unknown field port
ALSA lib pcm_oss.c:377:(_snd_pcm_oss_open) Unknown field port
ALSA lib pcm_usb_stream.c:486:(_snd_pcm_usb_stream_open) Invalid type for card
ALSA lib pcm_usb_stream.c:486:(_snd_pcm_usb_stream_open) Invalid type for card
ALSA lib pcm_dmix.c:1108:(snd_pcm_dmix_open) unable to open slave
/dev/shm/jack_db/__db.001: Permission denied
cannot open DB environment: Permission denied
Cannot connect to server socket err = No such file or directory
Cannot connect to server request channel
jack server is not running or cannot be started
JackShmReadWritePtr::~JackShmReadWritePtr - Init not done for -1, skipping unlock
JackShmReadWritePtr::~JackShmReadWritePtr - Init not done for -1, skipping unlock
fluidsynth: error: Unknown integer parameter 'synth.dump'
fluidsynth: warning: No preset found on channel 0 [bank=0 prog=0]
fluidsynth: warning: No preset found on channel 1 [bank=0 prog=1]
fluidsynth: warning: No preset found on channel 2 [bank=0 prog=2]
fluidsynth: warning: No preset found on channel 3 [bank=0 prog=3]
fluidsynth: warning: No preset found on channel 4 [bank=0 prog=4]
fluidsynth: warning: No preset found on channel 5 [bank=0 prog=5]
fluidsynth: warning: No preset found on channel 6 [bank=0 prog=6]
fluidsynth: warning: No preset found on channel 7 [bank=0 prog=7]
fluidsynth: warning: No preset found on channel 8 [bank=0 prog=8]
fluidsynth: warning: No preset found on channel 9 [bank=128 prog=9]
fluidsynth: warning: No preset found on channel 10 [bank=0 prog=10]
fluidsynth: warning: No preset found on channel 11 [bank=0 prog=11]
fluidsynth: warning: No preset found on channel 12 [bank=0 prog=12]
fluidsynth: warning: No preset found on channel 13 [bank=0 prog=13]
fluidsynth: warning: No preset found on channel 14 [bank=0 prog=14]
fluidsynth: warning: No preset found on channel 15 [bank=0 prog=15]
fluidsynth: warning: No preset found on channel 0 [bank=0 prog=0]
fluidsynth: warning: No preset found on channel 1 [bank=0 prog=1]
fluidsynth: warning: No preset found on channel 2 [bank=0 prog=2]
fluidsynth: warning: No preset found on channel 3 [bank=0 prog=3]
fluidsynth: warning: No preset found on channel 4 [bank=0 prog=4]
fluidsynth: warning: No preset found on channel 5 [bank=0 prog=5]
fluidsynth: warning: No preset found on channel 6 [bank=0 prog=6]
fluidsynth: warning: No preset found on channel 7 [bank=0 prog=7]
fluidsynth: warning: No preset found on channel 8 [bank=0 prog=8]
fluidsynth: warning: No preset found on channel 9 [bank=128 prog=9]
fluidsynth: warning: No preset found on channel 10 [bank=0 prog=10]
fluidsynth: warning: No preset found on channel 11 [bank=0 prog=11]
fluidsynth: warning: No preset found on channel 12 [bank=0 prog=12]
fluidsynth: warning: No preset found on channel 13 [bank=0 prog=13]
fluidsynth: warning: No preset found on channel 14 [bank=0 prog=14]
fluidsynth: warning: No preset found on channel 15 [bank=0 prog=15]
fluidsynth: warning: No preset found on channel 0 [bank=0 prog=0]
fluidsynth: warning: No preset found on channel 1 [bank=0 prog=1]
fluidsynth: warning: No preset found on channel 2 [bank=0 prog=2]
fluidsynth: warning: No preset found on channel 3 [bank=0 prog=3]
fluidsynth: warning: No preset found on channel 4 [bank=0 prog=4]
fluidsynth: warning: No preset found on channel 5 [bank=0 prog=5]
fluidsynth: warning: No preset found on channel 6 [bank=0 prog=6]
fluidsynth: warning: No preset found on channel 7 [bank=0 prog=7]
fluidsynth: warning: No preset found on channel 8 [bank=0 prog=8]
fluidsynth: warning: No preset found on channel 9 [bank=128 prog=9]
fluidsynth: warning: No preset found on channel 10 [bank=0 prog=10]
fluidsynth: warning: No preset found on channel 11 [bank=0 prog=11]
fluidsynth: warning: No preset found on channel 12 [bank=0 prog=12]
fluidsynth: warning: No preset found on channel 13 [bank=0 prog=13]
fluidsynth: warning: No preset found on channel 14 [bank=0 prog=14]
fluidsynth: warning: No preset found on channel 15 [bank=0 prog=15]
fluidsynth: warning: No preset found on channel 0 [bank=0 prog=0]
fluidsynth: warning: No preset found on channel 1 [bank=0 prog=1]
fluidsynth: warning: No preset found on channel 2 [bank=0 prog=2]
fluidsynth: warning: No preset found on channel 3 [bank=0 prog=3]
fluidsynth: warning: No preset found on channel 4 [bank=0 prog=4]
fluidsynth: warning: No preset found on channel 5 [bank=0 prog=5]
fluidsynth: warning: No preset found on channel 6 [bank=0 prog=6]
fluidsynth: warning: No preset found on channel 7 [bank=0 prog=7]
fluidsynth: warning: No preset found on channel 8 [bank=0 prog=8]
fluidsynth: warning: No preset found on channel 9 [bank=128 prog=9]
fluidsynth: warning: No preset found on channel 10 [bank=0 prog=10]
fluidsynth: warning: No preset found on channel 11 [bank=0 prog=11]
fluidsynth: warning: No preset found on channel 12 [bank=0 prog=12]
fluidsynth: warning: No preset found on channel 13 [bank=0 prog=13]
fluidsynth: warning: No preset found on channel 14 [bank=0 prog=14]
fluidsynth: warning: No preset found on channel 15 [bank=0 prog=15]
10:44:58.133 Qsynth1: Stopping MIDI player...
10:44:58.134 Qsynth1: Waiting for MIDI player to terminate...
10:44:58.134 Qsynth1: Destroying MIDI player...
10:44:58.134 Qsynth1: Destroying MIDI driver...
10:44:58.147 Qsynth1: Destroying MIDI router...
10:44:58.147 Qsynth1: Destroying audio driver...
10:44:58.148 Qsynth1: Destroying synthesizer engine...
10:44:58.148 Qsynth1: Synthesizer engine terminated.
